Analysis & Synthesis report for DE1_SoC
Thu Mar 07 15:52:07 2024
Quartus Prime Version 17.0.0 Build 595 04/25/2017 SJ Lite Edition


---------------------
; Table of Contents ;
---------------------
  1. Legal Notice
  2. Analysis & Synthesis Summary
  3. Analysis & Synthesis Settings
  4. Parallel Compilation
  5. Analysis & Synthesis Source Files Read
  6. Analysis & Synthesis Resource Usage Summary
  7. Analysis & Synthesis Resource Utilization by Entity
  8. Registers Removed During Synthesis
  9. General Register Statistics
 10. Multiplexer Restructuring Statistics (Restructuring Performed)
 11. Parameter Settings for User Entity Instance: LEDDriver:Driver
 12. Parameter Settings for User Entity Instance: clock_speed:avg
 13. Parameter Settings for User Entity Instance: clock_speed:fst
 14. Parameter Settings for Inferred Entity Instance: generatePattern:pattern|lpm_divide:Mod0
 15. Port Connectivity Checks: "winner:win6"
 16. Port Connectivity Checks: "birdLight:birdy|normalLight:b0"
 17. Port Connectivity Checks: "LEDDriver:Driver"
 18. Port Connectivity Checks: "clock_divider:divider"
 19. Post-Synthesis Netlist Statistics for Top Partition
 20. Elapsed Time Per Partition
 21. Analysis & Synthesis Messages
 22. Analysis & Synthesis Suppressed Messages



----------------
; Legal Notice ;
----------------
Copyright (C) 2017  Intel Corporation. All rights reserved.
Your use of Intel Corporation's design tools, logic functions 
and other software and tools, and its AMPP partner logic 
functions, and any output files from any of the foregoing 
(including device programming or simulation files), and any 
associated documentation or information are expressly subject 
to the terms and conditions of the Intel Program License 
Subscription Agreement, the Intel Quartus Prime License Agreement,
the Intel MegaCore Function License Agreement, or other 
applicable license agreement, including, without limitation, 
that your use is for the sole purpose of programming logic 
devices manufactured by Intel and sold by Intel or its 
authorized distributors.  Please refer to the applicable 
agreement for further details.



+-------------------------------------------------------------------------------+
; Analysis & Synthesis Summary                                                  ;
+---------------------------------+---------------------------------------------+
; Analysis & Synthesis Status     ; Successful - Thu Mar 07 15:52:07 2024       ;
; Quartus Prime Version           ; 17.0.0 Build 595 04/25/2017 SJ Lite Edition ;
; Revision Name                   ; DE1_SoC                                     ;
; Top-level Entity Name           ; Final_Project                               ;
; Family                          ; Cyclone V                                   ;
; Logic utilization (in ALMs)     ; N/A                                         ;
; Total registers                 ; 193                                         ;
; Total pins                      ; 103                                         ;
; Total virtual pins              ; 0                                           ;
; Total block memory bits         ; 0                                           ;
; Total DSP Blocks                ; 0                                           ;
; Total HSSI RX PCSs              ; 0                                           ;
; Total HSSI PMA RX Deserializers ; 0                                           ;
; Total HSSI TX PCSs              ; 0                                           ;
; Total HSSI PMA TX Serializers   ; 0                                           ;
; Total PLLs                      ; 0                                           ;
; Total DLLs                      ; 0                                           ;
+---------------------------------+---------------------------------------------+


+---------------------------------------------------------------------------------------------------------------------------+
; Analysis & Synthesis Settings                                                                                             ;
+---------------------------------------------------------------------------------+--------------------+--------------------+
; Option                                                                          ; Setting            ; Default Value      ;
+---------------------------------------------------------------------------------+--------------------+--------------------+
; Device                                                                          ; 5CSEMA5F31C6       ;                    ;
; Top-level entity name                                                           ; Final_Project      ; DE1_SoC            ;
; Family name                                                                     ; Cyclone V          ; Cyclone V          ;
; State Machine Processing                                                        ; User-Encoded       ; Auto               ;
; Use smart compilation                                                           ; Off                ; Off                ;
; Enable parallel Assembler and TimeQuest Timing Analyzer during compilation      ; On                 ; On                 ;
; Enable compact report table                                                     ; Off                ; Off                ;
; Restructure Multiplexers                                                        ; Auto               ; Auto               ;
; MLAB Add Timing Constraints For Mixed-Port Feed-Through Mode Setting Don't Care ; Off                ; Off                ;
; Create Debugging Nodes for IP Cores                                             ; Off                ; Off                ;
; Preserve fewer node names                                                       ; On                 ; On                 ;
; OpenCore Plus hardware evaluation                                               ; Enable             ; Enable             ;
; Verilog Version                                                                 ; Verilog_2001       ; Verilog_2001       ;
; VHDL Version                                                                    ; VHDL_1993          ; VHDL_1993          ;
; Safe State Machine                                                              ; Off                ; Off                ;
; Extract Verilog State Machines                                                  ; On                 ; On                 ;
; Extract VHDL State Machines                                                     ; On                 ; On                 ;
; Ignore Verilog initial constructs                                               ; Off                ; Off                ;
; Iteration limit for constant Verilog loops                                      ; 5000               ; 5000               ;
; Iteration limit for non-constant Verilog loops                                  ; 250                ; 250                ;
; Add Pass-Through Logic to Inferred RAMs                                         ; On                 ; On                 ;
; Infer RAMs from Raw Logic                                                       ; On                 ; On                 ;
; Parallel Synthesis                                                              ; On                 ; On                 ;
; DSP Block Balancing                                                             ; Auto               ; Auto               ;
; NOT Gate Push-Back                                                              ; On                 ; On                 ;
; Power-Up Don't Care                                                             ; On                 ; On                 ;
; Remove Redundant Logic Cells                                                    ; Off                ; Off                ;
; Remove Duplicate Registers                                                      ; On                 ; On                 ;
; Ignore CARRY Buffers                                                            ; Off                ; Off                ;
; Ignore CASCADE Buffers                                                          ; Off                ; Off                ;
; Ignore GLOBAL Buffers                                                           ; Off                ; Off                ;
; Ignore ROW GLOBAL Buffers                                                       ; Off                ; Off                ;
; Ignore LCELL Buffers                                                            ; Off                ; Off                ;
; Ignore SOFT Buffers                                                             ; On                 ; On                 ;
; Limit AHDL Integers to 32 Bits                                                  ; Off                ; Off                ;
; Optimization Technique                                                          ; Balanced           ; Balanced           ;
; Carry Chain Length                                                              ; 70                 ; 70                 ;
; Auto Carry Chains                                                               ; On                 ; On                 ;
; Auto Open-Drain Pins                                                            ; On                 ; On                 ;
; Perform WYSIWYG Primitive Resynthesis                                           ; Off                ; Off                ;
; Auto ROM Replacement                                                            ; On                 ; On                 ;
; Auto RAM Replacement                                                            ; On                 ; On                 ;
; Auto DSP Block Replacement                                                      ; On                 ; On                 ;
; Auto Shift Register Replacement                                                 ; Auto               ; Auto               ;
; Allow Shift Register Merging across Hierarchies                                 ; Auto               ; Auto               ;
; Auto Clock Enable Replacement                                                   ; On                 ; On                 ;
; Strict RAM Replacement                                                          ; Off                ; Off                ;
; Allow Synchronous Control Signals                                               ; On                 ; On                 ;
; Force Use of Synchronous Clear Signals                                          ; Off                ; Off                ;
; Auto Resource Sharing                                                           ; Off                ; Off                ;
; Allow Any RAM Size For Recognition                                              ; Off                ; Off                ;
; Allow Any ROM Size For Recognition                                              ; Off                ; Off                ;
; Allow Any Shift Register Size For Recognition                                   ; Off                ; Off                ;
; Use LogicLock Constraints during Resource Balancing                             ; On                 ; On                 ;
; Ignore translate_off and synthesis_off directives                               ; Off                ; Off                ;
; Timing-Driven Synthesis                                                         ; On                 ; On                 ;
; Report Parameter Settings                                                       ; On                 ; On                 ;
; Report Source Assignments                                                       ; On                 ; On                 ;
; Report Connectivity Checks                                                      ; On                 ; On                 ;
; Ignore Maximum Fan-Out Assignments                                              ; Off                ; Off                ;
; Synchronization Register Chain Length                                           ; 3                  ; 3                  ;
; PowerPlay Power Optimization During Synthesis                                   ; Normal compilation ; Normal compilation ;
; HDL message level                                                               ; Level2             ; Level2             ;
; Suppress Register Optimization Related Messages                                 ; Off                ; Off                ;
; Number of Removed Registers Reported in Synthesis Report                        ; 5000               ; 5000               ;
; Number of Swept Nodes Reported in Synthesis Report                              ; 5000               ; 5000               ;
; Number of Inverted Registers Reported in Synthesis Report                       ; 100                ; 100                ;
; Clock MUX Protection                                                            ; On                 ; On                 ;
; Auto Gated Clock Conversion                                                     ; Off                ; Off                ;
; Block Design Naming                                                             ; Auto               ; Auto               ;
; SDC constraint protection                                                       ; Off                ; Off                ;
; Synthesis Effort                                                                ; Auto               ; Auto               ;
; Shift Register Replacement - Allow Asynchronous Clear Signal                    ; On                 ; On                 ;
; Pre-Mapping Resynthesis Optimization                                            ; Off                ; Off                ;
; Analysis & Synthesis Message Level                                              ; Medium             ; Medium             ;
; Disable Register Merging Across Hierarchies                                     ; Auto               ; Auto               ;
; Resource Aware Inference For Block RAM                                          ; On                 ; On                 ;
; Automatic Parallel Synthesis                                                    ; On                 ; On                 ;
; Partial Reconfiguration Bitstream ID                                            ; Off                ; Off                ;
+---------------------------------------------------------------------------------+--------------------+--------------------+


+------------------------------------------+
; Parallel Compilation                     ;
+----------------------------+-------------+
; Processors                 ; Number      ;
+----------------------------+-------------+
; Number detected on machine ; 4           ;
; Maximum allowed            ; 4           ;
;                            ;             ;
; Average used               ; 1.00        ;
; Maximum used               ; 4           ;
;                            ;             ;
; Usage by Processor         ; % Time Used ;
;     Processor 1            ; 100.0%      ;
;     Processors 2-4         ;   0.0%      ;
+----------------------------+-------------+


+--------------------------------------------------------------------------------------------------------------------------------------------------------------------------+
; Analysis & Synthesis Source Files Read                                                                                                                                   ;
+----------------------------------+-----------------+------------------------------+----------------------------------------------------------------------------+---------+
; File Name with User-Entered Path ; Used in Netlist ; File Type                    ; File Name with Absolute Path                                               ; Library ;
+----------------------------------+-----------------+------------------------------+----------------------------------------------------------------------------+---------+
; clock_divider.sv                 ; yes             ; User SystemVerilog HDL File  ; U:/EE 271/Lab6 - Final Project/clock_divider.sv                            ;         ;
; Final_Project.sv                 ; yes             ; User SystemVerilog HDL File  ; U:/EE 271/Lab6 - Final Project/Final_Project.sv                            ;         ;
; led_driver/LEDDriver.sv          ; yes             ; User SystemVerilog HDL File  ; U:/EE 271/Lab6 - Final Project/led_driver/LEDDriver.sv                     ;         ;
; UserInput.sv                     ; yes             ; User SystemVerilog HDL File  ; U:/EE 271/Lab6 - Final Project/UserInput.sv                                ;         ;
; clock_speed.sv                   ; yes             ; User SystemVerilog HDL File  ; U:/EE 271/Lab6 - Final Project/clock_speed.sv                              ;         ;
; normalLight.sv                   ; yes             ; User SystemVerilog HDL File  ; U:/EE 271/Lab6 - Final Project/normalLight.sv                              ;         ;
; centerLight.sv                   ; yes             ; User SystemVerilog HDL File  ; U:/EE 271/Lab6 - Final Project/centerLight.sv                              ;         ;
; counter.sv                       ; yes             ; User SystemVerilog HDL File  ; U:/EE 271/Lab6 - Final Project/counter.sv                                  ;         ;
; winner.sv                        ; yes             ; User SystemVerilog HDL File  ; U:/EE 271/Lab6 - Final Project/winner.sv                                   ;         ;
; LFSR.sv                          ; yes             ; User SystemVerilog HDL File  ; U:/EE 271/Lab6 - Final Project/LFSR.sv                                     ;         ;
; generatePattern.sv               ; yes             ; User SystemVerilog HDL File  ; U:/EE 271/Lab6 - Final Project/generatePattern.sv                          ;         ;
; move_obstacle.sv                 ; yes             ; User SystemVerilog HDL File  ; U:/EE 271/Lab6 - Final Project/move_obstacle.sv                            ;         ;
; playGame.sv                      ; yes             ; User SystemVerilog HDL File  ; U:/EE 271/Lab6 - Final Project/playGame.sv                                 ;         ;
; DFlipFlop.sv                     ; yes             ; User SystemVerilog HDL File  ; U:/EE 271/Lab6 - Final Project/DFlipFlop.sv                                ;         ;
; birdLight.sv                     ; yes             ; User SystemVerilog HDL File  ; U:/EE 271/Lab6 - Final Project/birdLight.sv                                ;         ;
; lpm_divide.tdf                   ; yes             ; Megafunction                 ; c:/intelfpga_lite/17.0/quartus/libraries/megafunctions/lpm_divide.tdf      ;         ;
; abs_divider.inc                  ; yes             ; Megafunction                 ; c:/intelfpga_lite/17.0/quartus/libraries/megafunctions/abs_divider.inc     ;         ;
; sign_div_unsign.inc              ; yes             ; Megafunction                 ; c:/intelfpga_lite/17.0/quartus/libraries/megafunctions/sign_div_unsign.inc ;         ;
; aglobal170.inc                   ; yes             ; Megafunction                 ; c:/intelfpga_lite/17.0/quartus/libraries/megafunctions/aglobal170.inc      ;         ;
; db/lpm_divide_h3m.tdf            ; yes             ; Auto-Generated Megafunction  ; U:/EE 271/Lab6 - Final Project/db/lpm_divide_h3m.tdf                       ;         ;
; db/sign_div_unsign_klh.tdf       ; yes             ; Auto-Generated Megafunction  ; U:/EE 271/Lab6 - Final Project/db/sign_div_unsign_klh.tdf                  ;         ;
; db/alt_u_div_eve.tdf             ; yes             ; Auto-Generated Megafunction  ; U:/EE 271/Lab6 - Final Project/db/alt_u_div_eve.tdf                        ;         ;
+----------------------------------+-----------------+------------------------------+----------------------------------------------------------------------------+---------+


+----------------------------------------------------------------------------------------+
; Analysis & Synthesis Resource Usage Summary                                            ;
+---------------------------------------------+------------------------------------------+
; Resource                                    ; Usage                                    ;
+---------------------------------------------+------------------------------------------+
; Estimate of Logic utilization (ALMs needed) ; 224                                      ;
;                                             ;                                          ;
; Combinational ALUT usage for logic          ; 374                                      ;
;     -- 7 input functions                    ; 0                                        ;
;     -- 6 input functions                    ; 71                                       ;
;     -- 5 input functions                    ; 26                                       ;
;     -- 4 input functions                    ; 78                                       ;
;     -- <=3 input functions                  ; 199                                      ;
;                                             ;                                          ;
; Dedicated logic registers                   ; 193                                      ;
;                                             ;                                          ;
; I/O pins                                    ; 103                                      ;
;                                             ;                                          ;
; Total DSP Blocks                            ; 0                                        ;
;                                             ;                                          ;
; Maximum fan-out node                        ; clock_divider:divider|divided_clocks[14] ;
; Maximum fan-out                             ; 179                                      ;
; Total fan-out                               ; 2059                                     ;
; Average fan-out                             ; 2.66                                     ;
+---------------------------------------------+------------------------------------------+


+----------------------------------------------------------------------------------------------------------------------------------------------------------------------------------------------------------------------------------------------------------------------------------------------------------------------------------+
; Analysis & Synthesis Resource Utilization by Entity                                                                                                                                                                                                                                                                              ;
+-------------------------------------------+---------------------+---------------------------+-------------------+------------+------+--------------+----------------------------------------------------------------------------------------------------------------------------------------+---------------------+--------------+
; Compilation Hierarchy Node                ; Combinational ALUTs ; Dedicated Logic Registers ; Block Memory Bits ; DSP Blocks ; Pins ; Virtual Pins ; Full Hierarchy Name                                                                                                                    ; Entity Name         ; Library Name ;
+-------------------------------------------+---------------------+---------------------------+-------------------+------------+------+--------------+----------------------------------------------------------------------------------------------------------------------------------------+---------------------+--------------+
; |Final_Project                            ; 374 (0)             ; 193 (0)                   ; 0                 ; 0          ; 103  ; 0            ; |Final_Project                                                                                                                         ; Final_Project       ; work         ;
;    |LEDDriver:Driver|                     ; 20 (20)             ; 4 (4)                     ; 0                 ; 0          ; 0    ; 0            ; |Final_Project|LEDDriver:Driver                                                                                                        ; LEDDriver           ; work         ;
;    |UserInput:user|                       ; 1 (1)               ; 1 (1)                     ; 0                 ; 0          ; 0    ; 0            ; |Final_Project|UserInput:user                                                                                                          ; UserInput           ; work         ;
;    |birdLight:birdy|                      ; 16 (0)              ; 16 (0)                    ; 0                 ; 0          ; 0    ; 0            ; |Final_Project|birdLight:birdy                                                                                                         ; birdLight           ; work         ;
;       |centerLight:b8|                    ; 1 (1)               ; 1 (1)                     ; 0                 ; 0          ; 0    ; 0            ; |Final_Project|birdLight:birdy|centerLight:b8                                                                                          ; centerLight         ; work         ;
;       |normalLight:b0|                    ; 1 (1)               ; 1 (1)                     ; 0                 ; 0          ; 0    ; 0            ; |Final_Project|birdLight:birdy|normalLight:b0                                                                                          ; normalLight         ; work         ;
;       |normalLight:b10|                   ; 1 (1)               ; 1 (1)                     ; 0                 ; 0          ; 0    ; 0            ; |Final_Project|birdLight:birdy|normalLight:b10                                                                                         ; normalLight         ; work         ;
;       |normalLight:b11|                   ; 1 (1)               ; 1 (1)                     ; 0                 ; 0          ; 0    ; 0            ; |Final_Project|birdLight:birdy|normalLight:b11                                                                                         ; normalLight         ; work         ;
;       |normalLight:b12|                   ; 1 (1)               ; 1 (1)                     ; 0                 ; 0          ; 0    ; 0            ; |Final_Project|birdLight:birdy|normalLight:b12                                                                                         ; normalLight         ; work         ;
;       |normalLight:b13|                   ; 1 (1)               ; 1 (1)                     ; 0                 ; 0          ; 0    ; 0            ; |Final_Project|birdLight:birdy|normalLight:b13                                                                                         ; normalLight         ; work         ;
;       |normalLight:b14|                   ; 1 (1)               ; 1 (1)                     ; 0                 ; 0          ; 0    ; 0            ; |Final_Project|birdLight:birdy|normalLight:b14                                                                                         ; normalLight         ; work         ;
;       |normalLight:b15|                   ; 1 (1)               ; 1 (1)                     ; 0                 ; 0          ; 0    ; 0            ; |Final_Project|birdLight:birdy|normalLight:b15                                                                                         ; normalLight         ; work         ;
;       |normalLight:b1|                    ; 1 (1)               ; 1 (1)                     ; 0                 ; 0          ; 0    ; 0            ; |Final_Project|birdLight:birdy|normalLight:b1                                                                                          ; normalLight         ; work         ;
;       |normalLight:b2|                    ; 1 (1)               ; 1 (1)                     ; 0                 ; 0          ; 0    ; 0            ; |Final_Project|birdLight:birdy|normalLight:b2                                                                                          ; normalLight         ; work         ;
;       |normalLight:b3|                    ; 1 (1)               ; 1 (1)                     ; 0                 ; 0          ; 0    ; 0            ; |Final_Project|birdLight:birdy|normalLight:b3                                                                                          ; normalLight         ; work         ;
;       |normalLight:b4|                    ; 1 (1)               ; 1 (1)                     ; 0                 ; 0          ; 0    ; 0            ; |Final_Project|birdLight:birdy|normalLight:b4                                                                                          ; normalLight         ; work         ;
;       |normalLight:b5|                    ; 1 (1)               ; 1 (1)                     ; 0                 ; 0          ; 0    ; 0            ; |Final_Project|birdLight:birdy|normalLight:b5                                                                                          ; normalLight         ; work         ;
;       |normalLight:b6|                    ; 1 (1)               ; 1 (1)                     ; 0                 ; 0          ; 0    ; 0            ; |Final_Project|birdLight:birdy|normalLight:b6                                                                                          ; normalLight         ; work         ;
;       |normalLight:b7|                    ; 1 (1)               ; 1 (1)                     ; 0                 ; 0          ; 0    ; 0            ; |Final_Project|birdLight:birdy|normalLight:b7                                                                                          ; normalLight         ; work         ;
;       |normalLight:b9|                    ; 1 (1)               ; 1 (1)                     ; 0                 ; 0          ; 0    ; 0            ; |Final_Project|birdLight:birdy|normalLight:b9                                                                                          ; normalLight         ; work         ;
;    |clock_divider:divider|                ; 15 (15)             ; 15 (15)                   ; 0                 ; 0          ; 0    ; 0            ; |Final_Project|clock_divider:divider                                                                                                   ; clock_divider       ; work         ;
;    |clock_speed:avg|                      ; 47 (47)             ; 32 (32)                   ; 0                 ; 0          ; 0    ; 0            ; |Final_Project|clock_speed:avg                                                                                                         ; clock_speed         ; work         ;
;    |clock_speed:fst|                      ; 42 (42)             ; 32 (32)                   ; 0                 ; 0          ; 0    ; 0            ; |Final_Project|clock_speed:fst                                                                                                         ; clock_speed         ; work         ;
;    |counter:count|                        ; 14 (12)             ; 5 (3)                     ; 0                 ; 0          ; 0    ; 0            ; |Final_Project|counter:count                                                                                                           ; counter             ; work         ;
;       |UserInput:fI|                      ; 1 (1)               ; 1 (1)                     ; 0                 ; 0          ; 0    ; 0            ; |Final_Project|counter:count|UserInput:fI                                                                                              ; UserInput           ; work         ;
;       |UserInput:pI|                      ; 1 (1)               ; 1 (1)                     ; 0                 ; 0          ; 0    ; 0            ; |Final_Project|counter:count|UserInput:pI                                                                                              ; UserInput           ; work         ;
;    |generatePattern:pattern|              ; 116 (45)            ; 47 (37)                   ; 0                 ; 0          ; 0    ; 0            ; |Final_Project|generatePattern:pattern                                                                                                 ; generatePattern     ; work         ;
;       |LFSR:l1|                           ; 1 (1)               ; 10 (0)                    ; 0                 ; 0          ; 0    ; 0            ; |Final_Project|generatePattern:pattern|LFSR:l1                                                                                         ; LFSR                ; work         ;
;          |DFlipFlop:dff10|                ; 0 (0)               ; 1 (1)                     ; 0                 ; 0          ; 0    ; 0            ; |Final_Project|generatePattern:pattern|LFSR:l1|DFlipFlop:dff10                                                                         ; DFlipFlop           ; work         ;
;          |DFlipFlop:dff1|                 ; 0 (0)               ; 1 (1)                     ; 0                 ; 0          ; 0    ; 0            ; |Final_Project|generatePattern:pattern|LFSR:l1|DFlipFlop:dff1                                                                          ; DFlipFlop           ; work         ;
;          |DFlipFlop:dff2|                 ; 0 (0)               ; 1 (1)                     ; 0                 ; 0          ; 0    ; 0            ; |Final_Project|generatePattern:pattern|LFSR:l1|DFlipFlop:dff2                                                                          ; DFlipFlop           ; work         ;
;          |DFlipFlop:dff3|                 ; 0 (0)               ; 1 (1)                     ; 0                 ; 0          ; 0    ; 0            ; |Final_Project|generatePattern:pattern|LFSR:l1|DFlipFlop:dff3                                                                          ; DFlipFlop           ; work         ;
;          |DFlipFlop:dff4|                 ; 0 (0)               ; 1 (1)                     ; 0                 ; 0          ; 0    ; 0            ; |Final_Project|generatePattern:pattern|LFSR:l1|DFlipFlop:dff4                                                                          ; DFlipFlop           ; work         ;
;          |DFlipFlop:dff5|                 ; 0 (0)               ; 1 (1)                     ; 0                 ; 0          ; 0    ; 0            ; |Final_Project|generatePattern:pattern|LFSR:l1|DFlipFlop:dff5                                                                          ; DFlipFlop           ; work         ;
;          |DFlipFlop:dff6|                 ; 0 (0)               ; 1 (1)                     ; 0                 ; 0          ; 0    ; 0            ; |Final_Project|generatePattern:pattern|LFSR:l1|DFlipFlop:dff6                                                                          ; DFlipFlop           ; work         ;
;          |DFlipFlop:dff7|                 ; 0 (0)               ; 1 (1)                     ; 0                 ; 0          ; 0    ; 0            ; |Final_Project|generatePattern:pattern|LFSR:l1|DFlipFlop:dff7                                                                          ; DFlipFlop           ; work         ;
;          |DFlipFlop:dff8|                 ; 0 (0)               ; 1 (1)                     ; 0                 ; 0          ; 0    ; 0            ; |Final_Project|generatePattern:pattern|LFSR:l1|DFlipFlop:dff8                                                                          ; DFlipFlop           ; work         ;
;          |DFlipFlop:dff9|                 ; 0 (0)               ; 1 (1)                     ; 0                 ; 0          ; 0    ; 0            ; |Final_Project|generatePattern:pattern|LFSR:l1|DFlipFlop:dff9                                                                          ; DFlipFlop           ; work         ;
;       |lpm_divide:Mod0|                   ; 70 (0)              ; 0 (0)                     ; 0                 ; 0          ; 0    ; 0            ; |Final_Project|generatePattern:pattern|lpm_divide:Mod0                                                                                 ; lpm_divide          ; work         ;
;          |lpm_divide_h3m:auto_generated|  ; 70 (0)              ; 0 (0)                     ; 0                 ; 0          ; 0    ; 0            ; |Final_Project|generatePattern:pattern|lpm_divide:Mod0|lpm_divide_h3m:auto_generated                                                   ; lpm_divide_h3m      ; work         ;
;             |sign_div_unsign_klh:divider| ; 70 (0)              ; 0 (0)                     ; 0                 ; 0          ; 0    ; 0            ; |Final_Project|generatePattern:pattern|lpm_divide:Mod0|lpm_divide_h3m:auto_generated|sign_div_unsign_klh:divider                       ; sign_div_unsign_klh ; work         ;
;                |alt_u_div_eve:divider|    ; 70 (70)             ; 0 (0)                     ; 0                 ; 0          ; 0    ; 0            ; |Final_Project|generatePattern:pattern|lpm_divide:Mod0|lpm_divide_h3m:auto_generated|sign_div_unsign_klh:divider|alt_u_div_eve:divider ; alt_u_div_eve       ; work         ;
;    |move_obstacle:move|                   ; 1 (1)               ; 16 (16)                   ; 0                 ; 0          ; 0    ; 0            ; |Final_Project|move_obstacle:move                                                                                                      ; move_obstacle       ; work         ;
;    |playGame:game|                        ; 16 (16)             ; 1 (1)                     ; 0                 ; 0          ; 0    ; 0            ; |Final_Project|playGame:game                                                                                                           ; playGame            ; work         ;
;    |winner:win1|                          ; 13 (13)             ; 4 (4)                     ; 0                 ; 0          ; 0    ; 0            ; |Final_Project|winner:win1                                                                                                             ; winner              ; work         ;
;    |winner:win2|                          ; 13 (13)             ; 4 (4)                     ; 0                 ; 0          ; 0    ; 0            ; |Final_Project|winner:win2                                                                                                             ; winner              ; work         ;
;    |winner:win3|                          ; 14 (14)             ; 4 (4)                     ; 0                 ; 0          ; 0    ; 0            ; |Final_Project|winner:win3                                                                                                             ; winner              ; work         ;
;    |winner:win4|                          ; 19 (19)             ; 4 (4)                     ; 0                 ; 0          ; 0    ; 0            ; |Final_Project|winner:win4                                                                                                             ; winner              ; work         ;
;    |winner:win5|                          ; 15 (15)             ; 4 (4)                     ; 0                 ; 0          ; 0    ; 0            ; |Final_Project|winner:win5                                                                                                             ; winner              ; work         ;
;    |winner:win6|                          ; 12 (12)             ; 4 (4)                     ; 0                 ; 0          ; 0    ; 0            ; |Final_Project|winner:win6                                                                                                             ; winner              ; work         ;
+-------------------------------------------+---------------------+---------------------------+-------------------+------------+------+--------------+----------------------------------------------------------------------------------------------------------------------------------------+---------------------+--------------+
Note: For table entries with two numbers listed, the numbers in parentheses indicate the number of resources of the given type used by the specific entity alone. The numbers listed outside of parentheses indicate the total resources of the given type used by the specific entity and all of its sub-entities in the hierarchy.


+------------------------------------------------------------------------------------------+
; Registers Removed During Synthesis                                                       ;
+----------------------------------------------+-------------------------------------------+
; Register name                                ; Reason for Removal                        ;
+----------------------------------------------+-------------------------------------------+
; playGame:game|ps[1..31]                      ; Stuck at GND due to stuck port data_in    ;
; winner:win6|ps[4..31]                        ; Stuck at GND due to stuck port data_in    ;
; winner:win5|ps[4..31]                        ; Stuck at GND due to stuck port data_in    ;
; winner:win4|ps[4..31]                        ; Stuck at GND due to stuck port data_in    ;
; winner:win3|ps[4..31]                        ; Stuck at GND due to stuck port data_in    ;
; winner:win2|ps[4..31]                        ; Stuck at GND due to stuck port data_in    ;
; winner:win1|ps[4..31]                        ; Stuck at GND due to stuck port data_in    ;
; counter:count|UserInput:fI|ps[1..31]         ; Stuck at GND due to stuck port data_in    ;
; counter:count|UserInput:pI|ps[1..31]         ; Stuck at GND due to stuck port data_in    ;
; birdLight:birdy|normalLight:b15|ps[1..31]    ; Stuck at GND due to stuck port data_in    ;
; birdLight:birdy|normalLight:b14|ps[1..31]    ; Stuck at GND due to stuck port data_in    ;
; birdLight:birdy|normalLight:b13|ps[1..31]    ; Stuck at GND due to stuck port data_in    ;
; birdLight:birdy|normalLight:b12|ps[1..31]    ; Stuck at GND due to stuck port data_in    ;
; birdLight:birdy|normalLight:b11|ps[1..31]    ; Stuck at GND due to stuck port data_in    ;
; birdLight:birdy|normalLight:b10|ps[1..31]    ; Stuck at GND due to stuck port data_in    ;
; birdLight:birdy|normalLight:b9|ps[1..31]     ; Stuck at GND due to stuck port data_in    ;
; birdLight:birdy|centerLight:b8|ps[1..31]     ; Stuck at GND due to stuck port data_in    ;
; birdLight:birdy|normalLight:b7|ps[1..31]     ; Stuck at GND due to stuck port data_in    ;
; birdLight:birdy|normalLight:b6|ps[1..31]     ; Stuck at GND due to stuck port data_in    ;
; birdLight:birdy|normalLight:b5|ps[1..31]     ; Stuck at GND due to stuck port data_in    ;
; birdLight:birdy|normalLight:b4|ps[1..31]     ; Stuck at GND due to stuck port data_in    ;
; birdLight:birdy|normalLight:b3|ps[1..31]     ; Stuck at GND due to stuck port data_in    ;
; birdLight:birdy|normalLight:b2|ps[1..31]     ; Stuck at GND due to stuck port data_in    ;
; birdLight:birdy|normalLight:b1|ps[1..31]     ; Stuck at GND due to stuck port data_in    ;
; birdLight:birdy|normalLight:b0|ps[1..31]     ; Stuck at GND due to stuck port data_in    ;
; UserInput:user|ps[1..31]                     ; Stuck at GND due to stuck port data_in    ;
; generatePattern:pattern|x[4..31]             ; Stuck at GND due to stuck port data_in    ;
; move_obstacle:move|out[10][15]               ; Merged with move_obstacle:move|out[0][15] ;
; move_obstacle:move|out[11][15]               ; Merged with move_obstacle:move|out[0][15] ;
; move_obstacle:move|out[12][15]               ; Merged with move_obstacle:move|out[0][15] ;
; move_obstacle:move|out[13][15]               ; Merged with move_obstacle:move|out[0][15] ;
; move_obstacle:move|out[14][15]               ; Merged with move_obstacle:move|out[0][15] ;
; move_obstacle:move|out[15][15]               ; Merged with move_obstacle:move|out[0][15] ;
; move_obstacle:move|out[1][15]                ; Merged with move_obstacle:move|out[0][15] ;
; move_obstacle:move|out[2][15]                ; Merged with move_obstacle:move|out[0][15] ;
; move_obstacle:move|out[3][15]                ; Merged with move_obstacle:move|out[0][15] ;
; move_obstacle:move|out[4][15]                ; Merged with move_obstacle:move|out[0][15] ;
; move_obstacle:move|out[5][15]                ; Merged with move_obstacle:move|out[0][15] ;
; move_obstacle:move|out[6][15]                ; Merged with move_obstacle:move|out[0][15] ;
; move_obstacle:move|out[7][15]                ; Merged with move_obstacle:move|out[0][15] ;
; move_obstacle:move|out[8][15]                ; Merged with move_obstacle:move|out[0][15] ;
; move_obstacle:move|out[9][15]                ; Merged with move_obstacle:move|out[0][15] ;
; move_obstacle:move|out[10][14]               ; Merged with move_obstacle:move|out[0][14] ;
; move_obstacle:move|out[11][14]               ; Merged with move_obstacle:move|out[0][14] ;
; move_obstacle:move|out[12][14]               ; Merged with move_obstacle:move|out[0][14] ;
; move_obstacle:move|out[13][14]               ; Merged with move_obstacle:move|out[0][14] ;
; move_obstacle:move|out[14][14]               ; Merged with move_obstacle:move|out[0][14] ;
; move_obstacle:move|out[15][14]               ; Merged with move_obstacle:move|out[0][14] ;
; move_obstacle:move|out[1][14]                ; Merged with move_obstacle:move|out[0][14] ;
; move_obstacle:move|out[2][14]                ; Merged with move_obstacle:move|out[0][14] ;
; move_obstacle:move|out[3][14]                ; Merged with move_obstacle:move|out[0][14] ;
; move_obstacle:move|out[4][14]                ; Merged with move_obstacle:move|out[0][14] ;
; move_obstacle:move|out[5][14]                ; Merged with move_obstacle:move|out[0][14] ;
; move_obstacle:move|out[6][14]                ; Merged with move_obstacle:move|out[0][14] ;
; move_obstacle:move|out[7][14]                ; Merged with move_obstacle:move|out[0][14] ;
; move_obstacle:move|out[8][14]                ; Merged with move_obstacle:move|out[0][14] ;
; move_obstacle:move|out[9][14]                ; Merged with move_obstacle:move|out[0][14] ;
; move_obstacle:move|out[10][13]               ; Merged with move_obstacle:move|out[0][13] ;
; move_obstacle:move|out[11][13]               ; Merged with move_obstacle:move|out[0][13] ;
; move_obstacle:move|out[12][13]               ; Merged with move_obstacle:move|out[0][13] ;
; move_obstacle:move|out[13][13]               ; Merged with move_obstacle:move|out[0][13] ;
; move_obstacle:move|out[14][13]               ; Merged with move_obstacle:move|out[0][13] ;
; move_obstacle:move|out[15][13]               ; Merged with move_obstacle:move|out[0][13] ;
; move_obstacle:move|out[1][13]                ; Merged with move_obstacle:move|out[0][13] ;
; move_obstacle:move|out[2][13]                ; Merged with move_obstacle:move|out[0][13] ;
; move_obstacle:move|out[3][13]                ; Merged with move_obstacle:move|out[0][13] ;
; move_obstacle:move|out[4][13]                ; Merged with move_obstacle:move|out[0][13] ;
; move_obstacle:move|out[5][13]                ; Merged with move_obstacle:move|out[0][13] ;
; move_obstacle:move|out[6][13]                ; Merged with move_obstacle:move|out[0][13] ;
; move_obstacle:move|out[7][13]                ; Merged with move_obstacle:move|out[0][13] ;
; move_obstacle:move|out[8][13]                ; Merged with move_obstacle:move|out[0][13] ;
; move_obstacle:move|out[9][13]                ; Merged with move_obstacle:move|out[0][13] ;
; move_obstacle:move|out[10][12]               ; Merged with move_obstacle:move|out[0][12] ;
; move_obstacle:move|out[11][12]               ; Merged with move_obstacle:move|out[0][12] ;
; move_obstacle:move|out[12][12]               ; Merged with move_obstacle:move|out[0][12] ;
; move_obstacle:move|out[13][12]               ; Merged with move_obstacle:move|out[0][12] ;
; move_obstacle:move|out[14][12]               ; Merged with move_obstacle:move|out[0][12] ;
; move_obstacle:move|out[15][12]               ; Merged with move_obstacle:move|out[0][12] ;
; move_obstacle:move|out[1][12]                ; Merged with move_obstacle:move|out[0][12] ;
; move_obstacle:move|out[2][12]                ; Merged with move_obstacle:move|out[0][12] ;
; move_obstacle:move|out[3][12]                ; Merged with move_obstacle:move|out[0][12] ;
; move_obstacle:move|out[4][12]                ; Merged with move_obstacle:move|out[0][12] ;
; move_obstacle:move|out[5][12]                ; Merged with move_obstacle:move|out[0][12] ;
; move_obstacle:move|out[6][12]                ; Merged with move_obstacle:move|out[0][12] ;
; move_obstacle:move|out[7][12]                ; Merged with move_obstacle:move|out[0][12] ;
; move_obstacle:move|out[8][12]                ; Merged with move_obstacle:move|out[0][12] ;
; move_obstacle:move|out[9][12]                ; Merged with move_obstacle:move|out[0][12] ;
; move_obstacle:move|out[10][11]               ; Merged with move_obstacle:move|out[0][11] ;
; move_obstacle:move|out[11][11]               ; Merged with move_obstacle:move|out[0][11] ;
; move_obstacle:move|out[12][11]               ; Merged with move_obstacle:move|out[0][11] ;
; move_obstacle:move|out[13][11]               ; Merged with move_obstacle:move|out[0][11] ;
; move_obstacle:move|out[14][11]               ; Merged with move_obstacle:move|out[0][11] ;
; move_obstacle:move|out[15][11]               ; Merged with move_obstacle:move|out[0][11] ;
; move_obstacle:move|out[1][11]                ; Merged with move_obstacle:move|out[0][11] ;
; move_obstacle:move|out[2][11]                ; Merged with move_obstacle:move|out[0][11] ;
; move_obstacle:move|out[3][11]                ; Merged with move_obstacle:move|out[0][11] ;
; move_obstacle:move|out[4][11]                ; Merged with move_obstacle:move|out[0][11] ;
; move_obstacle:move|out[5][11]                ; Merged with move_obstacle:move|out[0][11] ;
; move_obstacle:move|out[6][11]                ; Merged with move_obstacle:move|out[0][11] ;
; move_obstacle:move|out[7][11]                ; Merged with move_obstacle:move|out[0][11] ;
; move_obstacle:move|out[8][11]                ; Merged with move_obstacle:move|out[0][11] ;
; move_obstacle:move|out[9][11]                ; Merged with move_obstacle:move|out[0][11] ;
; move_obstacle:move|out[10][10]               ; Merged with move_obstacle:move|out[0][10] ;
; move_obstacle:move|out[11][10]               ; Merged with move_obstacle:move|out[0][10] ;
; move_obstacle:move|out[12][10]               ; Merged with move_obstacle:move|out[0][10] ;
; move_obstacle:move|out[13][10]               ; Merged with move_obstacle:move|out[0][10] ;
; move_obstacle:move|out[14][10]               ; Merged with move_obstacle:move|out[0][10] ;
; move_obstacle:move|out[15][10]               ; Merged with move_obstacle:move|out[0][10] ;
; move_obstacle:move|out[1][10]                ; Merged with move_obstacle:move|out[0][10] ;
; move_obstacle:move|out[2][10]                ; Merged with move_obstacle:move|out[0][10] ;
; move_obstacle:move|out[3][10]                ; Merged with move_obstacle:move|out[0][10] ;
; move_obstacle:move|out[4][10]                ; Merged with move_obstacle:move|out[0][10] ;
; move_obstacle:move|out[5][10]                ; Merged with move_obstacle:move|out[0][10] ;
; move_obstacle:move|out[6][10]                ; Merged with move_obstacle:move|out[0][10] ;
; move_obstacle:move|out[7][10]                ; Merged with move_obstacle:move|out[0][10] ;
; move_obstacle:move|out[8][10]                ; Merged with move_obstacle:move|out[0][10] ;
; move_obstacle:move|out[9][10]                ; Merged with move_obstacle:move|out[0][10] ;
; move_obstacle:move|out[10][9]                ; Merged with move_obstacle:move|out[0][9]  ;
; move_obstacle:move|out[11][9]                ; Merged with move_obstacle:move|out[0][9]  ;
; move_obstacle:move|out[12][9]                ; Merged with move_obstacle:move|out[0][9]  ;
; move_obstacle:move|out[13][9]                ; Merged with move_obstacle:move|out[0][9]  ;
; move_obstacle:move|out[14][9]                ; Merged with move_obstacle:move|out[0][9]  ;
; move_obstacle:move|out[15][9]                ; Merged with move_obstacle:move|out[0][9]  ;
; move_obstacle:move|out[1][9]                 ; Merged with move_obstacle:move|out[0][9]  ;
; move_obstacle:move|out[2][9]                 ; Merged with move_obstacle:move|out[0][9]  ;
; move_obstacle:move|out[3][9]                 ; Merged with move_obstacle:move|out[0][9]  ;
; move_obstacle:move|out[4][9]                 ; Merged with move_obstacle:move|out[0][9]  ;
; move_obstacle:move|out[5][9]                 ; Merged with move_obstacle:move|out[0][9]  ;
; move_obstacle:move|out[6][9]                 ; Merged with move_obstacle:move|out[0][9]  ;
; move_obstacle:move|out[7][9]                 ; Merged with move_obstacle:move|out[0][9]  ;
; move_obstacle:move|out[8][9]                 ; Merged with move_obstacle:move|out[0][9]  ;
; move_obstacle:move|out[9][9]                 ; Merged with move_obstacle:move|out[0][9]  ;
; move_obstacle:move|out[10][8]                ; Merged with move_obstacle:move|out[0][8]  ;
; move_obstacle:move|out[11][8]                ; Merged with move_obstacle:move|out[0][8]  ;
; move_obstacle:move|out[12][8]                ; Merged with move_obstacle:move|out[0][8]  ;
; move_obstacle:move|out[13][8]                ; Merged with move_obstacle:move|out[0][8]  ;
; move_obstacle:move|out[14][8]                ; Merged with move_obstacle:move|out[0][8]  ;
; move_obstacle:move|out[15][8]                ; Merged with move_obstacle:move|out[0][8]  ;
; move_obstacle:move|out[1][8]                 ; Merged with move_obstacle:move|out[0][8]  ;
; move_obstacle:move|out[2][8]                 ; Merged with move_obstacle:move|out[0][8]  ;
; move_obstacle:move|out[3][8]                 ; Merged with move_obstacle:move|out[0][8]  ;
; move_obstacle:move|out[4][8]                 ; Merged with move_obstacle:move|out[0][8]  ;
; move_obstacle:move|out[5][8]                 ; Merged with move_obstacle:move|out[0][8]  ;
; move_obstacle:move|out[6][8]                 ; Merged with move_obstacle:move|out[0][8]  ;
; move_obstacle:move|out[7][8]                 ; Merged with move_obstacle:move|out[0][8]  ;
; move_obstacle:move|out[8][8]                 ; Merged with move_obstacle:move|out[0][8]  ;
; move_obstacle:move|out[9][8]                 ; Merged with move_obstacle:move|out[0][8]  ;
; move_obstacle:move|out[10][7]                ; Merged with move_obstacle:move|out[0][7]  ;
; move_obstacle:move|out[11][7]                ; Merged with move_obstacle:move|out[0][7]  ;
; move_obstacle:move|out[12][7]                ; Merged with move_obstacle:move|out[0][7]  ;
; move_obstacle:move|out[13][7]                ; Merged with move_obstacle:move|out[0][7]  ;
; move_obstacle:move|out[14][7]                ; Merged with move_obstacle:move|out[0][7]  ;
; move_obstacle:move|out[15][7]                ; Merged with move_obstacle:move|out[0][7]  ;
; move_obstacle:move|out[1][7]                 ; Merged with move_obstacle:move|out[0][7]  ;
; move_obstacle:move|out[2][7]                 ; Merged with move_obstacle:move|out[0][7]  ;
; move_obstacle:move|out[3][7]                 ; Merged with move_obstacle:move|out[0][7]  ;
; move_obstacle:move|out[4][7]                 ; Merged with move_obstacle:move|out[0][7]  ;
; move_obstacle:move|out[5][7]                 ; Merged with move_obstacle:move|out[0][7]  ;
; move_obstacle:move|out[6][7]                 ; Merged with move_obstacle:move|out[0][7]  ;
; move_obstacle:move|out[7][7]                 ; Merged with move_obstacle:move|out[0][7]  ;
; move_obstacle:move|out[8][7]                 ; Merged with move_obstacle:move|out[0][7]  ;
; move_obstacle:move|out[9][7]                 ; Merged with move_obstacle:move|out[0][7]  ;
; move_obstacle:move|out[10][6]                ; Merged with move_obstacle:move|out[0][6]  ;
; move_obstacle:move|out[11][6]                ; Merged with move_obstacle:move|out[0][6]  ;
; move_obstacle:move|out[12][6]                ; Merged with move_obstacle:move|out[0][6]  ;
; move_obstacle:move|out[13][6]                ; Merged with move_obstacle:move|out[0][6]  ;
; move_obstacle:move|out[14][6]                ; Merged with move_obstacle:move|out[0][6]  ;
; move_obstacle:move|out[15][6]                ; Merged with move_obstacle:move|out[0][6]  ;
; move_obstacle:move|out[1][6]                 ; Merged with move_obstacle:move|out[0][6]  ;
; move_obstacle:move|out[2][6]                 ; Merged with move_obstacle:move|out[0][6]  ;
; move_obstacle:move|out[3][6]                 ; Merged with move_obstacle:move|out[0][6]  ;
; move_obstacle:move|out[4][6]                 ; Merged with move_obstacle:move|out[0][6]  ;
; move_obstacle:move|out[5][6]                 ; Merged with move_obstacle:move|out[0][6]  ;
; move_obstacle:move|out[6][6]                 ; Merged with move_obstacle:move|out[0][6]  ;
; move_obstacle:move|out[7][6]                 ; Merged with move_obstacle:move|out[0][6]  ;
; move_obstacle:move|out[8][6]                 ; Merged with move_obstacle:move|out[0][6]  ;
; move_obstacle:move|out[9][6]                 ; Merged with move_obstacle:move|out[0][6]  ;
; move_obstacle:move|out[10][5]                ; Merged with move_obstacle:move|out[0][5]  ;
; move_obstacle:move|out[11][5]                ; Merged with move_obstacle:move|out[0][5]  ;
; move_obstacle:move|out[12][5]                ; Merged with move_obstacle:move|out[0][5]  ;
; move_obstacle:move|out[13][5]                ; Merged with move_obstacle:move|out[0][5]  ;
; move_obstacle:move|out[14][5]                ; Merged with move_obstacle:move|out[0][5]  ;
; move_obstacle:move|out[15][5]                ; Merged with move_obstacle:move|out[0][5]  ;
; move_obstacle:move|out[1][5]                 ; Merged with move_obstacle:move|out[0][5]  ;
; move_obstacle:move|out[2][5]                 ; Merged with move_obstacle:move|out[0][5]  ;
; move_obstacle:move|out[3][5]                 ; Merged with move_obstacle:move|out[0][5]  ;
; move_obstacle:move|out[4][5]                 ; Merged with move_obstacle:move|out[0][5]  ;
; move_obstacle:move|out[5][5]                 ; Merged with move_obstacle:move|out[0][5]  ;
; move_obstacle:move|out[6][5]                 ; Merged with move_obstacle:move|out[0][5]  ;
; move_obstacle:move|out[7][5]                 ; Merged with move_obstacle:move|out[0][5]  ;
; move_obstacle:move|out[8][5]                 ; Merged with move_obstacle:move|out[0][5]  ;
; move_obstacle:move|out[9][5]                 ; Merged with move_obstacle:move|out[0][5]  ;
; move_obstacle:move|out[10][4]                ; Merged with move_obstacle:move|out[0][4]  ;
; move_obstacle:move|out[11][4]                ; Merged with move_obstacle:move|out[0][4]  ;
; move_obstacle:move|out[12][4]                ; Merged with move_obstacle:move|out[0][4]  ;
; move_obstacle:move|out[13][4]                ; Merged with move_obstacle:move|out[0][4]  ;
; move_obstacle:move|out[14][4]                ; Merged with move_obstacle:move|out[0][4]  ;
; move_obstacle:move|out[15][4]                ; Merged with move_obstacle:move|out[0][4]  ;
; move_obstacle:move|out[1][4]                 ; Merged with move_obstacle:move|out[0][4]  ;
; move_obstacle:move|out[2][4]                 ; Merged with move_obstacle:move|out[0][4]  ;
; move_obstacle:move|out[3][4]                 ; Merged with move_obstacle:move|out[0][4]  ;
; move_obstacle:move|out[4][4]                 ; Merged with move_obstacle:move|out[0][4]  ;
; move_obstacle:move|out[5][4]                 ; Merged with move_obstacle:move|out[0][4]  ;
; move_obstacle:move|out[6][4]                 ; Merged with move_obstacle:move|out[0][4]  ;
; move_obstacle:move|out[7][4]                 ; Merged with move_obstacle:move|out[0][4]  ;
; move_obstacle:move|out[8][4]                 ; Merged with move_obstacle:move|out[0][4]  ;
; move_obstacle:move|out[9][4]                 ; Merged with move_obstacle:move|out[0][4]  ;
; move_obstacle:move|out[10][3]                ; Merged with move_obstacle:move|out[0][3]  ;
; move_obstacle:move|out[11][3]                ; Merged with move_obstacle:move|out[0][3]  ;
; move_obstacle:move|out[12][3]                ; Merged with move_obstacle:move|out[0][3]  ;
; move_obstacle:move|out[13][3]                ; Merged with move_obstacle:move|out[0][3]  ;
; move_obstacle:move|out[14][3]                ; Merged with move_obstacle:move|out[0][3]  ;
; move_obstacle:move|out[15][3]                ; Merged with move_obstacle:move|out[0][3]  ;
; move_obstacle:move|out[1][3]                 ; Merged with move_obstacle:move|out[0][3]  ;
; move_obstacle:move|out[2][3]                 ; Merged with move_obstacle:move|out[0][3]  ;
; move_obstacle:move|out[3][3]                 ; Merged with move_obstacle:move|out[0][3]  ;
; move_obstacle:move|out[4][3]                 ; Merged with move_obstacle:move|out[0][3]  ;
; move_obstacle:move|out[5][3]                 ; Merged with move_obstacle:move|out[0][3]  ;
; move_obstacle:move|out[6][3]                 ; Merged with move_obstacle:move|out[0][3]  ;
; move_obstacle:move|out[7][3]                 ; Merged with move_obstacle:move|out[0][3]  ;
; move_obstacle:move|out[8][3]                 ; Merged with move_obstacle:move|out[0][3]  ;
; move_obstacle:move|out[9][3]                 ; Merged with move_obstacle:move|out[0][3]  ;
; move_obstacle:move|out[10][2]                ; Merged with move_obstacle:move|out[0][2]  ;
; move_obstacle:move|out[11][2]                ; Merged with move_obstacle:move|out[0][2]  ;
; move_obstacle:move|out[12][2]                ; Merged with move_obstacle:move|out[0][2]  ;
; move_obstacle:move|out[13][2]                ; Merged with move_obstacle:move|out[0][2]  ;
; move_obstacle:move|out[14][2]                ; Merged with move_obstacle:move|out[0][2]  ;
; move_obstacle:move|out[15][2]                ; Merged with move_obstacle:move|out[0][2]  ;
; move_obstacle:move|out[1][2]                 ; Merged with move_obstacle:move|out[0][2]  ;
; move_obstacle:move|out[2][2]                 ; Merged with move_obstacle:move|out[0][2]  ;
; move_obstacle:move|out[3][2]                 ; Merged with move_obstacle:move|out[0][2]  ;
; move_obstacle:move|out[4][2]                 ; Merged with move_obstacle:move|out[0][2]  ;
; move_obstacle:move|out[5][2]                 ; Merged with move_obstacle:move|out[0][2]  ;
; move_obstacle:move|out[6][2]                 ; Merged with move_obstacle:move|out[0][2]  ;
; move_obstacle:move|out[7][2]                 ; Merged with move_obstacle:move|out[0][2]  ;
; move_obstacle:move|out[8][2]                 ; Merged with move_obstacle:move|out[0][2]  ;
; move_obstacle:move|out[9][2]                 ; Merged with move_obstacle:move|out[0][2]  ;
; move_obstacle:move|out[10][1]                ; Merged with move_obstacle:move|out[0][1]  ;
; move_obstacle:move|out[11][1]                ; Merged with move_obstacle:move|out[0][1]  ;
; move_obstacle:move|out[12][1]                ; Merged with move_obstacle:move|out[0][1]  ;
; move_obstacle:move|out[13][1]                ; Merged with move_obstacle:move|out[0][1]  ;
; move_obstacle:move|out[14][1]                ; Merged with move_obstacle:move|out[0][1]  ;
; move_obstacle:move|out[15][1]                ; Merged with move_obstacle:move|out[0][1]  ;
; move_obstacle:move|out[1][1]                 ; Merged with move_obstacle:move|out[0][1]  ;
; move_obstacle:move|out[2][1]                 ; Merged with move_obstacle:move|out[0][1]  ;
; move_obstacle:move|out[3][1]                 ; Merged with move_obstacle:move|out[0][1]  ;
; move_obstacle:move|out[4][1]                 ; Merged with move_obstacle:move|out[0][1]  ;
; move_obstacle:move|out[5][1]                 ; Merged with move_obstacle:move|out[0][1]  ;
; move_obstacle:move|out[6][1]                 ; Merged with move_obstacle:move|out[0][1]  ;
; move_obstacle:move|out[7][1]                 ; Merged with move_obstacle:move|out[0][1]  ;
; move_obstacle:move|out[8][1]                 ; Merged with move_obstacle:move|out[0][1]  ;
; move_obstacle:move|out[9][1]                 ; Merged with move_obstacle:move|out[0][1]  ;
; move_obstacle:move|out[10][0]                ; Merged with move_obstacle:move|out[0][0]  ;
; move_obstacle:move|out[11][0]                ; Merged with move_obstacle:move|out[0][0]  ;
; move_obstacle:move|out[12][0]                ; Merged with move_obstacle:move|out[0][0]  ;
; move_obstacle:move|out[13][0]                ; Merged with move_obstacle:move|out[0][0]  ;
; move_obstacle:move|out[14][0]                ; Merged with move_obstacle:move|out[0][0]  ;
; move_obstacle:move|out[15][0]                ; Merged with move_obstacle:move|out[0][0]  ;
; move_obstacle:move|out[1][0]                 ; Merged with move_obstacle:move|out[0][0]  ;
; move_obstacle:move|out[2][0]                 ; Merged with move_obstacle:move|out[0][0]  ;
; move_obstacle:move|out[3][0]                 ; Merged with move_obstacle:move|out[0][0]  ;
; move_obstacle:move|out[4][0]                 ; Merged with move_obstacle:move|out[0][0]  ;
; move_obstacle:move|out[5][0]                 ; Merged with move_obstacle:move|out[0][0]  ;
; move_obstacle:move|out[6][0]                 ; Merged with move_obstacle:move|out[0][0]  ;
; move_obstacle:move|out[7][0]                 ; Merged with move_obstacle:move|out[0][0]  ;
; move_obstacle:move|out[8][0]                 ; Merged with move_obstacle:move|out[0][0]  ;
; move_obstacle:move|out[9][0]                 ; Merged with move_obstacle:move|out[0][0]  ;
; clock_divider:divider|divided_clocks[15..31] ; Lost fanout                               ;
; Total Number of Removed Registers = 1073     ;                                           ;
+----------------------------------------------+-------------------------------------------+


+------------------------------------------------------+
; General Register Statistics                          ;
+----------------------------------------------+-------+
; Statistic                                    ; Value ;
+----------------------------------------------+-------+
; Total registers                              ; 193   ;
; Number of registers using Synchronous Clear  ; 152   ;
; Number of registers using Synchronous Load   ; 2     ;
; Number of registers using Asynchronous Clear ; 0     ;
; Number of registers using Asynchronous Load  ; 0     ;
; Number of registers using Clock Enable       ; 49    ;
; Number of registers using Preset             ; 0     ;
+----------------------------------------------+-------+


+----------------------------------------------------------------------------------------------------------------------------------------------------------------+
; Multiplexer Restructuring Statistics (Restructuring Performed)                                                                                                 ;
+--------------------+-----------+---------------+----------------------+------------------------+------------+--------------------------------------------------+
; Multiplexer Inputs ; Bus Width ; Baseline Area ; Area if Restructured ; Saving if Restructured ; Registered ; Example Multiplexer Output                       ;
+--------------------+-----------+---------------+----------------------+------------------------+------------+--------------------------------------------------+
; 3:1                ; 16 bits   ; 32 LEs        ; 0 LEs                ; 32 LEs                 ; Yes        ; |Final_Project|move_obstacle:move|out[0][3]      ;
; 4:1                ; 3 bits    ; 6 LEs         ; 6 LEs                ; 0 LEs                  ; Yes        ; |Final_Project|generatePattern:pattern|count[2]  ;
; 4:1                ; 29 bits   ; 58 LEs        ; 0 LEs                ; 58 LEs                 ; Yes        ; |Final_Project|generatePattern:pattern|count[23] ;
; 6:1                ; 3 bits    ; 12 LEs        ; 12 LEs               ; 0 LEs                  ; No         ; |Final_Project|LEDDriver:Driver|Mux17            ;
; 7:1                ; 2 bits    ; 8 LEs         ; 8 LEs                ; 0 LEs                  ; No         ; |Final_Project|LEDDriver:Driver|Mux30            ;
; 7:1                ; 2 bits    ; 8 LEs         ; 8 LEs                ; 0 LEs                  ; No         ; |Final_Project|LEDDriver:Driver|Mux26            ;
; 7:1                ; 2 bits    ; 8 LEs         ; 8 LEs                ; 0 LEs                  ; No         ; |Final_Project|LEDDriver:Driver|Mux18            ;
+--------------------+-----------+---------------+----------------------+------------------------+------------+--------------------------------------------------+


+---------------------------------------------------------------+
; Parameter Settings for User Entity Instance: LEDDriver:Driver ;
+----------------+-------+--------------------------------------+
; Parameter Name ; Value ; Type                                 ;
+----------------+-------+--------------------------------------+
; FREQDIV        ; 0     ; Signed Integer                       ;
+----------------+-------+--------------------------------------+
Note: In order to hide this table in the UI and the text report file, please set the "Show Parameter Settings in Synthesis Report" option in "Analysis and Synthesis Settings -> More Settings" to "Off".


+--------------------------------------------------------------+
; Parameter Settings for User Entity Instance: clock_speed:avg ;
+----------------+-------+-------------------------------------+
; Parameter Name ; Value ; Type                                ;
+----------------+-------+-------------------------------------+
; sp             ; 762   ; Signed Integer                      ;
+----------------+-------+-------------------------------------+
Note: In order to hide this table in the UI and the text report file, please set the "Show Parameter Settings in Synthesis Report" option in "Analysis and Synthesis Settings -> More Settings" to "Off".


+--------------------------------------------------------------+
; Parameter Settings for User Entity Instance: clock_speed:fst ;
+----------------+-------+-------------------------------------+
; Parameter Name ; Value ; Type                                ;
+----------------+-------+-------------------------------------+
; sp             ; 336   ; Signed Integer                      ;
+----------------+-------+-------------------------------------+
Note: In order to hide this table in the UI and the text report file, please set the "Show Parameter Settings in Synthesis Report" option in "Analysis and Synthesis Settings -> More Settings" to "Off".


+------------------------------------------------------------------------------------------+
; Parameter Settings for Inferred Entity Instance: generatePattern:pattern|lpm_divide:Mod0 ;
+------------------------+----------------+------------------------------------------------+
; Parameter Name         ; Value          ; Type                                           ;
+------------------------+----------------+------------------------------------------------+
; LPM_WIDTHN             ; 10             ; Untyped                                        ;
; LPM_WIDTHD             ; 4              ; Untyped                                        ;
; LPM_NREPRESENTATION    ; UNSIGNED       ; Untyped                                        ;
; LPM_DREPRESENTATION    ; UNSIGNED       ; Untyped                                        ;
; LPM_PIPELINE           ; 0              ; Untyped                                        ;
; LPM_REMAINDERPOSITIVE  ; TRUE           ; Untyped                                        ;
; MAXIMIZE_SPEED         ; 5              ; Untyped                                        ;
; CBXI_PARAMETER         ; lpm_divide_h3m ; Untyped                                        ;
; CARRY_CHAIN            ; MANUAL         ; Untyped                                        ;
; OPTIMIZE_FOR_SPEED     ; 5              ; Untyped                                        ;
; AUTO_CARRY_CHAINS      ; ON             ; AUTO_CARRY                                     ;
; IGNORE_CARRY_BUFFERS   ; OFF            ; IGNORE_CARRY                                   ;
; AUTO_CASCADE_CHAINS    ; ON             ; AUTO_CASCADE                                   ;
; IGNORE_CASCADE_BUFFERS ; OFF            ; IGNORE_CASCADE                                 ;
+------------------------+----------------+------------------------------------------------+
Note: In order to hide this table in the UI and the text report file, please set the "Show Parameter Settings in Synthesis Report" option in "Analysis and Synthesis Settings -> More Settings" to "Off".


+-----------------------------------------------------------------------------------------------------------------+
; Port Connectivity Checks: "winner:win6"                                                                         ;
+-------+--------+----------+-------------------------------------------------------------------------------------+
; Port  ; Type   ; Severity ; Details                                                                             ;
+-------+--------+----------+-------------------------------------------------------------------------------------+
; addOn ; Output ; Info     ; Connected to dangling logic. Logic that only feeds a dangling port will be removed. ;
+-------+--------+----------+-------------------------------------------------------------------------------------+


+------------------------------------------------------------+
; Port Connectivity Checks: "birdLight:birdy|normalLight:b0" ;
+------+-------+----------+----------------------------------+
; Port ; Type  ; Severity ; Details                          ;
+------+-------+----------+----------------------------------+
; up   ; Input ; Info     ; Stuck at GND                     ;
+------+-------+----------+----------------------------------+


+-----------------------------------------------+
; Port Connectivity Checks: "LEDDriver:Driver"  ;
+-------------+-------+----------+--------------+
; Port        ; Type  ; Severity ; Details      ;
+-------------+-------+----------+--------------+
; EnableCount ; Input ; Info     ; Stuck at VCC ;
+-------------+-------+----------+--------------+


+----------------------------------------------------------------------------------------------------------------------------------+
; Port Connectivity Checks: "clock_divider:divider"                                                                                ;
+------------------------+--------+----------+-------------------------------------------------------------------------------------+
; Port                   ; Type   ; Severity ; Details                                                                             ;
+------------------------+--------+----------+-------------------------------------------------------------------------------------+
; divided_clocks[31..15] ; Output ; Info     ; Connected to dangling logic. Logic that only feeds a dangling port will be removed. ;
; divided_clocks[13..0]  ; Output ; Info     ; Connected to dangling logic. Logic that only feeds a dangling port will be removed. ;
+------------------------+--------+----------+-------------------------------------------------------------------------------------+


+-----------------------------------------------------+
; Post-Synthesis Netlist Statistics for Top Partition ;
+-----------------------+-----------------------------+
; Type                  ; Count                       ;
+-----------------------+-----------------------------+
; arriav_ff             ; 193                         ;
;     ENA               ; 4                           ;
;     ENA SCLR          ; 45                          ;
;     SCLR              ; 106                         ;
;     SCLR SLD          ; 1                           ;
;     SLD               ; 1                           ;
;     plain             ; 36                          ;
; arriav_lcell_comb     ; 381                         ;
;     arith             ; 151                         ;
;         0 data inputs ; 7                           ;
;         1 data inputs ; 124                         ;
;         2 data inputs ; 2                           ;
;         3 data inputs ; 8                           ;
;         4 data inputs ; 10                          ;
;     normal            ; 230                         ;
;         0 data inputs ; 1                           ;
;         1 data inputs ; 9                           ;
;         2 data inputs ; 39                          ;
;         3 data inputs ; 16                          ;
;         4 data inputs ; 68                          ;
;         5 data inputs ; 26                          ;
;         6 data inputs ; 71                          ;
; boundary_port         ; 103                         ;
;                       ;                             ;
; Max LUT depth         ; 16.10                       ;
; Average LUT depth     ; 4.36                        ;
+-----------------------+-----------------------------+


+-------------------------------+
; Elapsed Time Per Partition    ;
+----------------+--------------+
; Partition Name ; Elapsed Time ;
+----------------+--------------+
; Top            ; 00:00:02     ;
+----------------+--------------+


+-------------------------------+
; Analysis & Synthesis Messages ;
+-------------------------------+
Info: *******************************************************************
Info: Running Quartus Prime Analysis & Synthesis
    Info: Version 17.0.0 Build 595 04/25/2017 SJ Lite Edition
    Info: Processing started: Thu Mar 07 15:51:47 2024
Info: Command: quartus_map --read_settings_files=on --write_settings_files=off DE1_SoC -c DE1_SoC
Info (20030): Parallel compilation is enabled and will use 4 of the 4 processors detected
Info (12021): Found 1 design units, including 1 entities, in source file clock_divider.sv
    Info (12023): Found entity 1: clock_divider File: U:/EE 271/Lab6 - Final Project/clock_divider.sv Line: 3
Info (12021): Found 1 design units, including 1 entities, in source file final_project.sv
    Info (12023): Found entity 1: Final_Project File: U:/EE 271/Lab6 - Final Project/Final_Project.sv Line: 1
Info (12021): Found 3 design units, including 3 entities, in source file led_driver/leddriver.sv
    Info (12023): Found entity 1: LEDDriver File: U:/EE 271/Lab6 - Final Project/led_driver/LEDDriver.sv Line: 13
    Info (12023): Found entity 2: LEDDriver_Test File: U:/EE 271/Lab6 - Final Project/led_driver/LEDDriver.sv Line: 34
    Info (12023): Found entity 3: LEDDriver_TestPhysical File: U:/EE 271/Lab6 - Final Project/led_driver/LEDDriver.sv Line: 71
Info (12021): Found 1 design units, including 1 entities, in source file userinput.sv
    Info (12023): Found entity 1: UserInput File: U:/EE 271/Lab6 - Final Project/UserInput.sv Line: 1
Info (12021): Found 1 design units, including 1 entities, in source file clock_speed.sv
    Info (12023): Found entity 1: clock_speed File: U:/EE 271/Lab6 - Final Project/clock_speed.sv Line: 1
Info (12021): Found 1 design units, including 1 entities, in source file normallight.sv
    Info (12023): Found entity 1: normalLight File: U:/EE 271/Lab6 - Final Project/normalLight.sv Line: 1
Info (12021): Found 1 design units, including 1 entities, in source file centerlight.sv
    Info (12023): Found entity 1: centerLight File: U:/EE 271/Lab6 - Final Project/centerLight.sv Line: 1
Info (12021): Found 1 design units, including 1 entities, in source file counter.sv
    Info (12023): Found entity 1: counter File: U:/EE 271/Lab6 - Final Project/counter.sv Line: 1
Info (12021): Found 1 design units, including 1 entities, in source file winner.sv
    Info (12023): Found entity 1: winner File: U:/EE 271/Lab6 - Final Project/winner.sv Line: 1
Info (12021): Found 1 design units, including 1 entities, in source file lfsr.sv
    Info (12023): Found entity 1: LFSR File: U:/EE 271/Lab6 - Final Project/LFSR.sv Line: 1
Info (12021): Found 1 design units, including 1 entities, in source file generatepattern.sv
    Info (12023): Found entity 1: generatePattern File: U:/EE 271/Lab6 - Final Project/generatePattern.sv Line: 1
Info (12021): Found 1 design units, including 1 entities, in source file move_obstacle.sv
    Info (12023): Found entity 1: move_obstacle File: U:/EE 271/Lab6 - Final Project/move_obstacle.sv Line: 1
Info (12021): Found 1 design units, including 1 entities, in source file playgame.sv
    Info (12023): Found entity 1: playGame File: U:/EE 271/Lab6 - Final Project/playGame.sv Line: 1
Info (12021): Found 1 design units, including 1 entities, in source file dflipflop.sv
    Info (12023): Found entity 1: DFlipFlop File: U:/EE 271/Lab6 - Final Project/DFlipFlop.sv Line: 1
Info (12021): Found 1 design units, including 1 entities, in source file birdlight.sv
    Info (12023): Found entity 1: birdLight File: U:/EE 271/Lab6 - Final Project/birdLight.sv Line: 1
Info (12127): Elaborating entity "Final_Project" for the top level hierarchy
Info (12128): Elaborating entity "clock_divider" for hierarchy "clock_divider:divider" File: U:/EE 271/Lab6 - Final Project/Final_Project.sv Line: 22
Info (12128): Elaborating entity "LEDDriver" for hierarchy "LEDDriver:Driver" File: U:/EE 271/Lab6 - Final Project/Final_Project.sv Line: 32
Info (12128): Elaborating entity "UserInput" for hierarchy "UserInput:user" File: U:/EE 271/Lab6 - Final Project/Final_Project.sv Line: 36
Info (12128): Elaborating entity "clock_speed" for hierarchy "clock_speed:avg" File: U:/EE 271/Lab6 - Final Project/Final_Project.sv Line: 40
Info (12128): Elaborating entity "clock_speed" for hierarchy "clock_speed:fst" File: U:/EE 271/Lab6 - Final Project/Final_Project.sv Line: 41
Info (12128): Elaborating entity "birdLight" for hierarchy "birdLight:birdy" File: U:/EE 271/Lab6 - Final Project/Final_Project.sv Line: 45
Info (12128): Elaborating entity "normalLight" for hierarchy "birdLight:birdy|normalLight:b0" File: U:/EE 271/Lab6 - Final Project/birdLight.sv Line: 5
Info (12128): Elaborating entity "centerLight" for hierarchy "birdLight:birdy|centerLight:b8" File: U:/EE 271/Lab6 - Final Project/birdLight.sv Line: 14
Info (12128): Elaborating entity "counter" for hierarchy "counter:count" File: U:/EE 271/Lab6 - Final Project/Final_Project.sv Line: 50
Info (12128): Elaborating entity "winner" for hierarchy "winner:win1" File: U:/EE 271/Lab6 - Final Project/Final_Project.sv Line: 54
Info (12128): Elaborating entity "generatePattern" for hierarchy "generatePattern:pattern" File: U:/EE 271/Lab6 - Final Project/Final_Project.sv Line: 64
Info (12128): Elaborating entity "LFSR" for hierarchy "generatePattern:pattern|LFSR:l1" File: U:/EE 271/Lab6 - Final Project/generatePattern.sv Line: 7
Info (12128): Elaborating entity "DFlipFlop" for hierarchy "generatePattern:pattern|LFSR:l1|DFlipFlop:dff1" File: U:/EE 271/Lab6 - Final Project/LFSR.sv Line: 7
Info (12128): Elaborating entity "move_obstacle" for hierarchy "move_obstacle:move" File: U:/EE 271/Lab6 - Final Project/Final_Project.sv Line: 65
Warning (10230): Verilog HDL assignment warning at move_obstacle.sv(37): truncated value with size 16 to match size of target (1) File: U:/EE 271/Lab6 - Final Project/move_obstacle.sv Line: 37
Info (12128): Elaborating entity "playGame" for hierarchy "playGame:game" File: U:/EE 271/Lab6 - Final Project/Final_Project.sv Line: 67
Info (278001): Inferred 1 megafunctions from design logic
    Info (278004): Inferred divider/modulo megafunction ("lpm_divide") from the following logic: "generatePattern:pattern|Mod0" File: U:/EE 271/Lab6 - Final Project/generatePattern.sv Line: 26
Info (12130): Elaborated megafunction instantiation "generatePattern:pattern|lpm_divide:Mod0" File: U:/EE 271/Lab6 - Final Project/generatePattern.sv Line: 26
Info (12133): Instantiated megafunction "generatePattern:pattern|lpm_divide:Mod0" with the following parameter: File: U:/EE 271/Lab6 - Final Project/generatePattern.sv Line: 26
    Info (12134): Parameter "LPM_WIDTHN" = "10"
    Info (12134): Parameter "LPM_WIDTHD" = "4"
    Info (12134): Parameter "LPM_NREPRESENTATION" = "UNSIGNED"
    Info (12134): Parameter "LPM_DREPRESENTATION" = "UNSIGNED"
Info (12021): Found 1 design units, including 1 entities, in source file db/lpm_divide_h3m.tdf
    Info (12023): Found entity 1: lpm_divide_h3m File: U:/EE 271/Lab6 - Final Project/db/lpm_divide_h3m.tdf Line: 25
Info (12021): Found 1 design units, including 1 entities, in source file db/sign_div_unsign_klh.tdf
    Info (12023): Found entity 1: sign_div_unsign_klh File: U:/EE 271/Lab6 - Final Project/db/sign_div_unsign_klh.tdf Line: 25
Info (12021): Found 1 design units, including 1 entities, in source file db/alt_u_div_eve.tdf
    Info (12023): Found entity 1: alt_u_div_eve File: U:/EE 271/Lab6 - Final Project/db/alt_u_div_eve.tdf Line: 23
Info (286030): Timing-Driven Synthesis is running
Info (17049): 17 registers lost all their fanouts during netlist optimizations.
Info (144001): Generated suppressed messages file U:/EE 271/Lab6 - Final Project/output_files/DE1_SoC.map.smsg
Info (16010): Generating hard_block partition "hard_block:auto_generated_inst"
    Info (16011): Adding 0 node(s), including 0 DDIO, 0 PLL, 0 transceiver and 0 LCELL
Info (21057): Implemented 504 device resources after synthesis - the final resource count might be different
    Info (21058): Implemented 15 input pins
    Info (21059): Implemented 88 output pins
    Info (21061): Implemented 401 logic cells
Info: Quartus Prime Analysis & Synthesis was successful. 0 errors, 1 warning
    Info: Peak virtual memory: 4840 megabytes
    Info: Processing ended: Thu Mar 07 15:52:07 2024
    Info: Elapsed time: 00:00:20
    Info: Total CPU time (on all processors): 00:00:30


+------------------------------------------+
; Analysis & Synthesis Suppressed Messages ;
+------------------------------------------+
The suppressed messages can be found in U:/EE 271/Lab6 - Final Project/output_files/DE1_SoC.map.smsg.


